2020-12-13 19:43:50.986  INFO 10132 --- [nio-3000-exec-2] o.a.c.c.C.[Tomcat].[localhost].[/]       : Initializing Spring DispatcherServlet 'dispatcherServlet'
2020-12-13 19:43:50.986  INFO 10132 --- [nio-3000-exec-2] o.s.web.servlet.DispatcherServlet        : Initializing Servlet 'dispatcherServlet'
2020-12-13 19:43:50.987  INFO 10132 --- [nio-3000-exec-2] o.s.web.servlet.DispatcherServlet        : Completed initialization in 1 ms
2020-12-13 19:43:50.998  INFO 10132 --- [nio-3000-exec-2] c.c.w.interceptor.WxInterceptor          : 拦截到的参数：1、a6333018ac255789f375df071de08790ff9e9d3c 2、1607859829 3、1044851875 4、wwwcrudsaviorcom
2020-12-13 19:43:51.016  INFO 10132 --- [nio-3000-exec-2] c.c.w.controller.IndexController         : 收到的接收方账号（OpenID）：olj7y6D2pBjilT5HaN7oQOlGwpSA
2020-12-13 19:43:51.019  INFO 10132 --- [nio-3000-exec-2] c.c.w.controller.IndexController         : 使用openid替换fromUserName：olj7y6D2pBjilT5HaN7oQOlGwpSA
2020-12-13 19:43:51.019  INFO 10132 --- [nio-3000-exec-2] c.c.w.controller.IndexController         : 消息数据：
{"xml":{"CreateTime":1607859829,"Latitude":39.737999,"ToUserName":"gh_da292587e6af","MsgType":"event","Longitude":116.542847,"Precision":15,"Event":"LOCATION","FromUserName":"olj7y6D2pBjilT5HaN7oQOlGwpSA"}}
2020-12-13 19:43:51.019  INFO 10132 --- [nio-3000-exec-2] c.c.wechatPlatform.utils.MsgHandleUtil   : 接收事件推送
2020-12-13 19:43:51.019  INFO 10132 --- [nio-3000-exec-2] c.c.wechatPlatform.utils.MsgHandleUtil   : 上报地理位置事件推送.
2020-12-13 19:43:51.019  INFO 10132 --- [nio-3000-exec-2] c.c.w.controller.IndexController         : 封装返回值基础数据失败.
2020-12-13 19:43:51.020  INFO 10132 --- [nio-3000-exec-2] c.c.w.interceptor.WxInterceptor          : 成功通过拦截器.
2020-12-13 19:43:52.099  INFO 10132 --- [nio-3000-exec-1] c.c.w.interceptor.WxInterceptor          : 拦截到的参数：1、a97ee982c65737eca58eb6ec1a0800c69ebef357 2、1607859831 3、981364383 4、wwwcrudsaviorcom
2020-12-13 19:43:52.100  INFO 10132 --- [nio-3000-exec-1] c.c.w.controller.IndexController         : 收到的接收方账号（OpenID）：olj7y6D2pBjilT5HaN7oQOlGwpSA
2020-12-13 19:43:52.100  INFO 10132 --- [nio-3000-exec-1] c.c.w.controller.IndexController         : 使用openid替换fromUserName：olj7y6D2pBjilT5HaN7oQOlGwpSA
2020-12-13 19:43:52.100  INFO 10132 --- [nio-3000-exec-1] c.c.w.controller.IndexController         : 消息数据：
{"xml":{"CreateTime":1607859831,"ToUserName":"gh_da292587e6af","MsgType":"text","MsgId":23019016392560956,"Content":"1","FromUserName":"olj7y6D2pBjilT5HaN7oQOlGwpSA"}}
2020-12-13 19:43:52.100  INFO 10132 --- [nio-3000-exec-1] c.c.wechatPlatform.utils.MsgHandleUtil   : 接收到普通消息.
2020-12-13 19:43:52.103  INFO 10132 --- [nio-3000-exec-1] c.c.w.interceptor.WxInterceptor          : 成功通过拦截器.
2020-12-13 19:43:55.121  INFO 10132 --- [nio-3000-exec-3] c.c.w.interceptor.WxInterceptor          : 拦截到的参数：1、89539417733d7b18fdfaec7e3f14b9dd87c3a5f1 2、1607859834 3、1126211325 4、wwwcrudsaviorcom
2020-12-13 19:43:55.122  INFO 10132 --- [nio-3000-exec-3] c.c.w.controller.IndexController         : 收到的接收方账号（OpenID）：olj7y6D2pBjilT5HaN7oQOlGwpSA
2020-12-13 19:43:55.123  INFO 10132 --- [nio-3000-exec-3] c.c.w.controller.IndexController         : 使用openid替换fromUserName：olj7y6D2pBjilT5HaN7oQOlGwpSA
2020-12-13 19:43:55.124  INFO 10132 --- [nio-3000-exec-3] c.c.w.controller.IndexController         : 消息数据：
{"xml":{"CreateTime":1607859834,"ToUserName":"gh_da292587e6af","MsgType":"text","MsgId":23019014714387040,"Content":"2","FromUserName":"olj7y6D2pBjilT5HaN7oQOlGwpSA"}}
2020-12-13 19:43:55.125  INFO 10132 --- [nio-3000-exec-3] c.c.wechatPlatform.utils.MsgHandleUtil   : 接收到普通消息.
2020-12-13 19:43:55.126  INFO 10132 --- [nio-3000-exec-3] c.c.w.interceptor.WxInterceptor          : 成功通过拦截器.
2020-12-13 19:43:57.917  INFO 10132 --- [nio-3000-exec-4] c.c.w.interceptor.WxInterceptor          : 拦截到的参数：1、292cc70ed2cf76c92406aa282b798d37bddd5e2f 2、1607859837 3、752918178 4、wwwcrudsaviorcom
2020-12-13 19:43:57.918  INFO 10132 --- [nio-3000-exec-4] c.c.w.controller.IndexController         : 收到的接收方账号（OpenID）：olj7y6D2pBjilT5HaN7oQOlGwpSA
2020-12-13 19:43:57.920  INFO 10132 --- [nio-3000-exec-4] c.c.w.controller.IndexController         : 使用openid替换fromUserName：olj7y6D2pBjilT5HaN7oQOlGwpSA
2020-12-13 19:43:57.921  INFO 10132 --- [nio-3000-exec-4] c.c.w.controller.IndexController         : 消息数据：
{"xml":{"CreateTime":1607859837,"ToUserName":"gh_da292587e6af","MsgType":"text","MsgId":23019016086945456,"Content":"3","FromUserName":"olj7y6D2pBjilT5HaN7oQOlGwpSA"}}
2020-12-13 19:43:57.921  INFO 10132 --- [nio-3000-exec-4] c.c.wechatPlatform.utils.MsgHandleUtil   : 接收到普通消息.
2020-12-13 19:43:57.922  INFO 10132 --- [nio-3000-exec-4] c.c.w.interceptor.WxInterceptor          : 成功通过拦截器.
2020-12-13 19:44:05.388  INFO 10132 --- [nio-3000-exec-5] c.c.w.interceptor.WxInterceptor          : 拦截到的参数：1、ea6bda01b9de60ac1c65d42d1f6c69b56af3d0eb 2、1607859844 3、1038279072 4、wwwcrudsaviorcom
2020-12-13 19:44:05.388  INFO 10132 --- [nio-3000-exec-5] c.c.w.controller.IndexController         : 收到的接收方账号（OpenID）：olj7y6D2pBjilT5HaN7oQOlGwpSA
2020-12-13 19:44:05.389  INFO 10132 --- [nio-3000-exec-5] c.c.w.controller.IndexController         : 使用openid替换fromUserName：olj7y6D2pBjilT5HaN7oQOlGwpSA
2020-12-13 19:44:05.390  INFO 10132 --- [nio-3000-exec-5] c.c.w.controller.IndexController         : 消息数据：
{"xml":{"CreateTime":1607859843,"ToUserName":"gh_da292587e6af","MsgType":"text","MsgId":23019018196271924,"Content":"12","FromUserName":"olj7y6D2pBjilT5HaN7oQOlGwpSA"}}
2020-12-13 19:44:05.390  INFO 10132 --- [nio-3000-exec-5] c.c.wechatPlatform.utils.MsgHandleUtil   : 接收到普通消息.
2020-12-13 19:44:05.391  INFO 10132 --- [nio-3000-exec-5] c.c.w.interceptor.WxInterceptor          : 成功通过拦截器.
2020-12-13 19:44:09.137  INFO 10132 --- [nio-3000-exec-6] c.c.w.interceptor.WxInterceptor          : 拦截到的参数：1、8fd87dda855b86f62218908b43d0730d45ccf61f 2、1607859847 3、512875635 4、wwwcrudsaviorcom
2020-12-13 19:44:09.138  INFO 10132 --- [nio-3000-exec-6] c.c.w.controller.IndexController         : 收到的接收方账号（OpenID）：olj7y6D2pBjilT5HaN7oQOlGwpSA
2020-12-13 19:44:09.139  INFO 10132 --- [nio-3000-exec-6] c.c.w.controller.IndexController         : 使用openid替换fromUserName：olj7y6D2pBjilT5HaN7oQOlGwpSA
2020-12-13 19:44:09.140  INFO 10132 --- [nio-3000-exec-6] c.c.w.controller.IndexController         : 消息数据：
{"xml":{"CreateTime":1607859847,"ToUserName":"gh_da292587e6af","MsgType":"text","MsgId":23019016336254670,"Content":"21","FromUserName":"olj7y6D2pBjilT5HaN7oQOlGwpSA"}}
2020-12-13 19:44:09.140  INFO 10132 --- [nio-3000-exec-6] c.c.wechatPlatform.utils.MsgHandleUtil   : 接收到普通消息.
2020-12-13 19:44:09.141  INFO 10132 --- [nio-3000-exec-6] c.c.w.interceptor.WxInterceptor          : 成功通过拦截器.
2020-12-13 19:44:17.181  INFO 10132 --- [nio-3000-exec-7] c.c.w.interceptor.WxInterceptor          : 拦截到的参数：1、bb37ef78d7803afaec058dca1167a8c1bfc19fdd 2、1607859856 3、30230451 4、wwwcrudsaviorcom
2020-12-13 19:44:17.183  INFO 10132 --- [nio-3000-exec-7] c.c.w.controller.IndexController         : 收到的接收方账号（OpenID）：olj7y6D2pBjilT5HaN7oQOlGwpSA
2020-12-13 19:44:17.184  INFO 10132 --- [nio-3000-exec-7] c.c.w.controller.IndexController         : 使用openid替换fromUserName：olj7y6D2pBjilT5HaN7oQOlGwpSA
2020-12-13 19:44:17.184  INFO 10132 --- [nio-3000-exec-7] c.c.w.controller.IndexController         : 消息数据：
{"xml":{"CreateTime":1607859856,"Latitude":39.737999,"ToUserName":"gh_da292587e6af","MsgType":"event","Longitude":116.542847,"Precision":15,"Event":"LOCATION","FromUserName":"olj7y6D2pBjilT5HaN7oQOlGwpSA"}}
2020-12-13 19:44:17.184  INFO 10132 --- [nio-3000-exec-7] c.c.wechatPlatform.utils.MsgHandleUtil   : 接收事件推送
2020-12-13 19:44:17.185  INFO 10132 --- [nio-3000-exec-7] c.c.wechatPlatform.utils.MsgHandleUtil   : 上报地理位置事件推送.
2020-12-13 19:44:17.185  INFO 10132 --- [nio-3000-exec-7] c.c.w.controller.IndexController         : 封装返回值基础数据失败.
2020-12-13 19:44:17.185  INFO 10132 --- [nio-3000-exec-7] c.c.w.interceptor.WxInterceptor          : 成功通过拦截器.
2020-12-13 19:44:18.841  INFO 10132 --- [nio-3000-exec-8] c.c.w.interceptor.WxInterceptor          : 拦截到的参数：1、c2a1545771763e8845f18cdce975c0527e328b2c 2、1607859858 3、995617225 4、wwwcrudsaviorcom
2020-12-13 19:44:18.842  INFO 10132 --- [nio-3000-exec-8] c.c.w.controller.IndexController         : 收到的接收方账号（OpenID）：olj7y6D2pBjilT5HaN7oQOlGwpSA
2020-12-13 19:44:18.843  INFO 10132 --- [nio-3000-exec-8] c.c.w.controller.IndexController         : 使用openid替换fromUserName：olj7y6D2pBjilT5HaN7oQOlGwpSA
2020-12-13 19:44:18.843  INFO 10132 --- [nio-3000-exec-8] c.c.w.controller.IndexController         : 消息数据：
{"xml":{"CreateTime":1607859856,"ToUserName":"gh_da292587e6af","MsgType":"image","MsgId":23019016237974572,"MediaId":"KNHo3cQ4U9h0zEmiODr0e9SE6k_1hD8t-vIEraUkb3omBF1wO45L1jO3gUfLiA-R","FromUserName":"olj7y6D2pBjilT5HaN7oQOlGwpSA","PicUrl":"http://mmbiz.qpic.cn/sz_mmbiz_jpg/eUel0LKevMwic1g9NFWu4LAPn6HUFF0X9M8nicOjnmKibdPwxJ4SJMxogI93b87JXT3kscVNGibx4ewAsyIXLSbOqw/0"}}
2020-12-13 19:44:18.843  INFO 10132 --- [nio-3000-exec-8] c.c.wechatPlatform.utils.MsgHandleUtil   : 接收到普通消息.
2020-12-13 19:44:18.843  INFO 10132 --- [nio-3000-exec-8] c.c.w.interceptor.WxInterceptor          : 成功通过拦截器.
2020-12-13 19:44:26.409  INFO 10132 --- [nio-3000-exec-9] c.c.w.interceptor.WxInterceptor          : 拦截到的参数：1、b933e2931aa46ee97a36be41b8a2cc73d641b7b9 2、1607859865 3、890282142 4、wwwcrudsaviorcom
2020-12-13 19:44:26.409  INFO 10132 --- [nio-3000-exec-9] c.c.w.controller.IndexController         : 收到的接收方账号（OpenID）：olj7y6D2pBjilT5HaN7oQOlGwpSA
2020-12-13 19:44:26.410  INFO 10132 --- [nio-3000-exec-9] c.c.w.controller.IndexController         : 使用openid替换fromUserName：olj7y6D2pBjilT5HaN7oQOlGwpSA
2020-12-13 19:44:26.411  INFO 10132 --- [nio-3000-exec-9] c.c.w.controller.IndexController         : 消息数据：
{"xml":{"CreateTime":1607859865,"Label":"通州区漷马路","Scale":15,"ToUserName":"gh_da292587e6af","MsgType":"location","MsgId":23019015875329731,"Location_X":39.739098,"Location_Y":116.548691,"FromUserName":"olj7y6D2pBjilT5HaN7oQOlGwpSA"}}
2020-12-13 19:44:26.411  INFO 10132 --- [nio-3000-exec-9] c.c.wechatPlatform.utils.MsgHandleUtil   : 接收到普通消息.
2020-12-13 19:44:26.411  INFO 10132 --- [nio-3000-exec-9] c.c.w.interceptor.WxInterceptor          : 成功通过拦截器.
2020-12-13 19:44:27.120  INFO 10132 --- [io-3000-exec-10] c.c.w.interceptor.WxInterceptor          : 拦截到的参数：1、7a80512835ee23b3406128071bbada038ec47ddb 2、1607859866 3、1736852256 4、wwwcrudsaviorcom
2020-12-13 19:44:27.121  INFO 10132 --- [io-3000-exec-10] c.c.w.controller.IndexController         : 收到的接收方账号（OpenID）：olj7y6D2pBjilT5HaN7oQOlGwpSA
2020-12-13 19:44:27.122  INFO 10132 --- [io-3000-exec-10] c.c.w.controller.IndexController         : 使用openid替换fromUserName：olj7y6D2pBjilT5HaN7oQOlGwpSA
2020-12-13 19:44:27.123  INFO 10132 --- [io-3000-exec-10] c.c.w.controller.IndexController         : 消息数据：
{"xml":{"CreateTime":1607859866,"Latitude":39.737999,"ToUserName":"gh_da292587e6af","MsgType":"event","Longitude":116.542847,"Precision":15,"Event":"LOCATION","FromUserName":"olj7y6D2pBjilT5HaN7oQOlGwpSA"}}
2020-12-13 19:44:27.123  INFO 10132 --- [io-3000-exec-10] c.c.wechatPlatform.utils.MsgHandleUtil   : 接收事件推送
2020-12-13 19:44:27.123  INFO 10132 --- [io-3000-exec-10] c.c.wechatPlatform.utils.MsgHandleUtil   : 上报地理位置事件推送.
2020-12-13 19:44:27.123  INFO 10132 --- [io-3000-exec-10] c.c.w.controller.IndexController         : 封装返回值基础数据失败.
2020-12-13 19:44:27.123  INFO 10132 --- [io-3000-exec-10] c.c.w.interceptor.WxInterceptor          : 成功通过拦截器.
2020-12-13 19:44:43.632  INFO 10132 --- [nio-3000-exec-2] c.c.w.interceptor.WxInterceptor          : 拦截到的参数：1、265b1b3a30d6d3a42ec786a02da50c5626eac84f 2、1607859883 3、957892000 4、wwwcrudsaviorcom
2020-12-13 19:44:43.633  INFO 10132 --- [nio-3000-exec-2] c.c.w.controller.IndexController         : 收到的接收方账号（OpenID）：olj7y6D2pBjilT5HaN7oQOlGwpSA
2020-12-13 19:44:43.891  INFO 10132 --- [nio-3000-exec-2] c.c.w.controller.IndexController         : 使用openid替换fromUserName：olj7y6D2pBjilT5HaN7oQOlGwpSA
2020-12-13 19:44:43.892  INFO 10132 --- [nio-3000-exec-2] c.c.w.controller.IndexController         : 消息数据：
{"xml":{"CreateTime":1607859883,"Latitude":39.737999,"ToUserName":"gh_da292587e6af","MsgType":"event","Longitude":116.542847,"Precision":15,"Event":"LOCATION","FromUserName":"olj7y6D2pBjilT5HaN7oQOlGwpSA"}}
2020-12-13 19:44:43.892  INFO 10132 --- [nio-3000-exec-2] c.c.wechatPlatform.utils.MsgHandleUtil   : 接收事件推送
2020-12-13 19:44:43.892  INFO 10132 --- [nio-3000-exec-2] c.c.wechatPlatform.utils.MsgHandleUtil   : 上报地理位置事件推送.
2020-12-13 19:44:43.892  INFO 10132 --- [nio-3000-exec-2] c.c.w.controller.IndexController         : 封装返回值基础数据失败.
2020-12-13 19:44:43.893  INFO 10132 --- [nio-3000-exec-2] c.c.w.interceptor.WxInterceptor          : 成功通过拦截器.
2020-12-13 19:44:52.679  INFO 10132 --- [nio-3000-exec-1] c.c.w.interceptor.WxInterceptor          : 拦截到的参数：1、cba35ac6d6735c180f9d9bfba429ace3c0a9c3f5 2、1607859892 3、359081065 4、wwwcrudsaviorcom
2020-12-13 19:44:52.679  INFO 10132 --- [nio-3000-exec-1] c.c.w.controller.IndexController         : 收到的接收方账号（OpenID）：olj7y6D2pBjilT5HaN7oQOlGwpSA
2020-12-13 19:44:52.680  INFO 10132 --- [nio-3000-exec-1] c.c.w.controller.IndexController         : 使用openid替换fromUserName：olj7y6D2pBjilT5HaN7oQOlGwpSA
2020-12-13 19:44:52.681  INFO 10132 --- [nio-3000-exec-1] c.c.w.controller.IndexController         : 消息数据：
{"xml":{"CreateTime":1607859891,"ToUserName":"gh_da292587e6af","MsgType":"video","ThumbMediaId":"JllhlWbu-TmaqdEmOZ6FfwjuRr-x7U_iOLaRU9DY7iaMHKwQXCApBG4VnqdfnRlX","MsgId":23019014837805673,"MediaId":"RRy6Tu48GSZaL7p5gP8QL5TUbKonX3WEuMxTn3UtjzMbl4f2dk69xg2bI3PksNuB","FromUserName":"olj7y6D2pBjilT5HaN7oQOlGwpSA"}}
2020-12-13 19:44:52.681  INFO 10132 --- [nio-3000-exec-1] c.c.wechatPlatform.utils.MsgHandleUtil   : 接收到普通消息.
2020-12-13 19:44:52.682  INFO 10132 --- [nio-3000-exec-1] c.c.w.interceptor.WxInterceptor          : 成功通过拦截器.
2020-12-13 19:45:19.493  INFO 10132 --- [nio-3000-exec-3] c.c.w.interceptor.WxInterceptor          : 拦截到的参数：1、6a6868871cab1c8d05c6b982aa70bbe4ed67d39d 2、1607859919 3、1454941712 4、wwwcrudsaviorcom
2020-12-13 19:45:19.494  INFO 10132 --- [nio-3000-exec-3] c.c.w.controller.IndexController         : 收到的接收方账号（OpenID）：olj7y6D2pBjilT5HaN7oQOlGwpSA
2020-12-13 19:45:19.495  INFO 10132 --- [nio-3000-exec-3] c.c.w.controller.IndexController         : 使用openid替换fromUserName：olj7y6D2pBjilT5HaN7oQOlGwpSA
2020-12-13 19:45:19.496  INFO 10132 --- [nio-3000-exec-3] c.c.w.controller.IndexController         : 消息数据：
{"xml":{"CreateTime":1607859918,"ToUserName":"gh_da292587e6af","MsgType":"voice","MsgId":6905705764359241728,"Format":"amr","MediaId":"-7hYTsp4z1IEYnqBmfTjh9hr7AcWUp6VjaJ8_wMUsyzozu0CfljyqsKWRV8NCWJh","FromUserName":"olj7y6D2pBjilT5HaN7oQOlGwpSA","Recognition":"哈喽哈喽哈喽。"}}
2020-12-13 19:45:19.496  INFO 10132 --- [nio-3000-exec-3] c.c.wechatPlatform.utils.MsgHandleUtil   : 接收到普通消息.
2020-12-13 19:45:19.497  INFO 10132 --- [nio-3000-exec-3] c.c.w.interceptor.WxInterceptor          : 成功通过拦截器.
2020-12-13 19:45:39.850  INFO 10132 --- [nio-3000-exec-4] c.c.w.interceptor.WxInterceptor          : 拦截到的参数：1、27d92023cac9b134665c24787bef2f30bc16e62b 2、1607859939 3、565258429 4、wwwcrudsaviorcom
2020-12-13 19:45:39.850  INFO 10132 --- [nio-3000-exec-4] c.c.w.controller.IndexController         : 收到的接收方账号（OpenID）：olj7y6D2pBjilT5HaN7oQOlGwpSA
2020-12-13 19:45:39.850  INFO 10132 --- [nio-3000-exec-4] c.c.w.controller.IndexController         : 使用openid替换fromUserName：olj7y6D2pBjilT5HaN7oQOlGwpSA
2020-12-13 19:45:39.850  INFO 10132 --- [nio-3000-exec-4] c.c.w.controller.IndexController         : 消息数据：
{"xml":{"Description":"业务亮点！","CreateTime":1607859938,"Title":"H5是如何实现电子签名并生成PDF文档的？","ToUserName":"gh_da292587e6af","MsgType":"link","Url":"http://mp.weixin.qq.com/s?__biz=Mzg5NjUyMDg1NA==&mid=2247485053&idx=1&sn=4ccdb888fee84d1e8561622a4df2dd51&chksm=c07e8184f7090892d9e0d05dea0aae7f252f7a3fe4c4ee4646955e67b6f1f503f8768c4ee8bd&mpshare=1&scene=1&srcid=12095rd1BQ0yKWO3jcrLXll0&sharer_sharetime=1607507914709&sharer_shareid=0abaaa1744adb6a25377d84865330a37#rd","MsgId":23019019298080697,"FromUserName":"olj7y6D2pBjilT5HaN7oQOlGwpSA"}}
2020-12-13 19:45:39.851  INFO 10132 --- [nio-3000-exec-4] c.c.wechatPlatform.utils.MsgHandleUtil   : 接收到普通消息.
2020-12-13 19:45:39.851  INFO 10132 --- [nio-3000-exec-4] c.c.w.interceptor.WxInterceptor          : 成功通过拦截器.
2020-12-13 19:45:41.614  INFO 10132 --- [nio-3000-exec-5] c.c.w.interceptor.WxInterceptor          : 拦截到的参数：1、0170e424062134bedb2a6fe5f44c61343157edfa 2、1607859941 3、460623703 4、wwwcrudsaviorcom
2020-12-13 19:45:41.614  INFO 10132 --- [nio-3000-exec-5] c.c.w.controller.IndexController         : 收到的接收方账号（OpenID）：olj7y6D2pBjilT5HaN7oQOlGwpSA
2020-12-13 19:45:41.615  INFO 10132 --- [nio-3000-exec-5] c.c.w.controller.IndexController         : 使用openid替换fromUserName：olj7y6D2pBjilT5HaN7oQOlGwpSA
2020-12-13 19:45:41.616  INFO 10132 --- [nio-3000-exec-5] c.c.w.controller.IndexController         : 消息数据：
{"xml":{"CreateTime":1607859941,"Latitude":39.737999,"ToUserName":"gh_da292587e6af","MsgType":"event","Longitude":116.542847,"Precision":15,"Event":"LOCATION","FromUserName":"olj7y6D2pBjilT5HaN7oQOlGwpSA"}}
2020-12-13 19:45:41.616  INFO 10132 --- [nio-3000-exec-5] c.c.wechatPlatform.utils.MsgHandleUtil   : 接收事件推送
2020-12-13 19:45:41.616  INFO 10132 --- [nio-3000-exec-5] c.c.wechatPlatform.utils.MsgHandleUtil   : 上报地理位置事件推送.
2020-12-13 19:45:41.616  INFO 10132 --- [nio-3000-exec-5] c.c.w.controller.IndexController         : 封装返回值基础数据失败.
2020-12-13 19:45:41.616  INFO 10132 --- [nio-3000-exec-5] c.c.w.interceptor.WxInterceptor          : 成功通过拦截器.
